<?xml version="1.0" encoding="UTF-8"?>
<testng-results skipped="0" failed="0" ignored="0" total="1" passed="1">
  <reporter-output>
  </reporter-output>
  <suite name="testng2" duration-ms="40046" started-at="2021-03-12T09:18:36Z" finished-at="2021-03-12T09:19:16Z">
    <groups>
    </groups>
    <test name="Test" duration-ms="40046" started-at="2021-03-12T09:18:36Z" finished-at="2021-03-12T09:19:16Z">
      <class name="Script.Amzn">
        <test-method status="PASS" signature="OpenApplication()[pri:0, instance:Script.Amzn@26f67b76]" name="OpenApplication" is-config="true" duration-ms="12183" started-at="2021-03-12T09:18:36Z" finished-at="2021-03-12T09:18:48Z">
          <reporter-output>
          </reporter-output>
        </test-method> <!-- OpenApplication -->
        <test-method status="PASS" signature="login()[pri:1, instance:Script.Amzn@26f67b76]" name="login" duration-ms="27827" started-at="2021-03-12T09:18:48Z" finished-at="2021-03-12T09:19:16Z">
          <reporter-output>
          </reporter-output>
        </test-method> <!-- login -->
      </class> <!-- Script.Amzn -->
    </test> <!-- Test -->
  </suite> <!-- testng2 -->
</testng-results>
