<?xml version="1.0" encoding="UTF-8"?>
<testsuite xmlns:xsi="http://www.w3.org/2001/XMLSchema-instance" xsi:noNamespaceSchemaLocation="https://maven.apache.org/surefire/maven-surefire-plugin/xsd/surefire-test-report-3.0.xsd" version="3.0" name="TestSuite" time="51.241" tests="3" errors="0" skipped="0" failures="0">
  <properties>
[...]
</properties>
  <testcase name="amazonlogin" classname="Script.AmazonTitle" time="15.031"/>
  <testcase name="signup" classname="Script.AmazonTitle" time="0.011"/>
  <testcase name="login" classname="Script.Amzn" time="21.5"/>
</testsuite>