<?xml version="1.0" encoding="UTF-8"?>
<testng-results skipped="0" failed="0" ignored="0" total="1" passed="1">
  <reporter-output>
  </reporter-output>
  <suite name="Default suite" duration-ms="24778" started-at="2021-05-25T19:56:26 IST" finished-at="2021-05-25T19:56:51 IST">
    <groups>
    </groups>
    <test name="Default test" duration-ms="24778" started-at="2021-05-25T19:56:26 IST" finished-at="2021-05-25T19:56:51 IST">
      <class name="Script.Amzn">
        <test-method status="PASS" signature="openApplication()[pri:0, instance:Script.Amzn@4d50efb8]" name="openApplication" is-config="true" duration-ms="5694" started-at="2021-05-25T19:56:26 IST" finished-at="2021-05-25T19:56:32 IST">
          <reporter-output>
          </reporter-output>
        </test-method> <!-- openApplication -->
        <test-method status="PASS" signature="verifyTitle()[pri:1, instance:Script.Amzn@4d50efb8]" name="verifyTitle" duration-ms="19020" started-at="2021-05-25T19:56:32 IST" finished-at="2021-05-25T19:56:51 IST">
          <reporter-output>
          </reporter-output>
        </test-method> <!-- verifyTitle -->
      </class> <!-- Script.Amzn -->
    </test> <!-- Default test -->
  </suite> <!-- Default suite -->
</testng-results>
