<?xml version="1.0" encoding="UTF-8"?>
<!-- Generated by org.testng.reporters.JUnitXMLReporter -->
<testsuite hostname="Dell-Falca-34ZLN12" ignored="0" name="Test" tests="3" failures="1" timestamp="12 Mar 2021 15:28:55 GMT" time="49.312" errors="0">
  <testcase name="amazonlogin" time="20.214" classname="Script.AmazonTitle"/>
  <testcase name="signup" time="0.026" classname="Script.AmazonTitle"/>
  <testcase name="login" time="14.951" classname="Script.Amzn">
    <failure type="java.lang.AssertionError" message="null">
      <![CDATA[java.lang.AssertionError: null
at Script.Amzn.login(Amzn.java:35)
... Removed 27 stack frames]]>
    </failure>
  </testcase> <!-- login -->
</testsuite> <!-- Test -->
